<?xml version="1.0" encoding="UTF-8"?>
<testsuite xmlns:xsi="http://www.w3.org/2001/XMLSchema-instance" xsi:noNamespaceSchemaLocation="https://maven.apache.org/surefire/maven-surefire-plugin/xsd/surefire-test-report.xsd" version="3.0.2" name="TestSuite" time="55.57" tests="7" errors="0" skipped="0" failures="0">
  <properties>
    <property name="java.specification.version" value="17"/>
    <property name="sun.cpu.isalist" value="amd64"/>
    <property name="sun.jnu.encoding" value="Cp1252"/>
    <property name="java.class.path" value="F:\Vijay&apos;s training\Testing Training\Automation testing\E-com_Porject\target\test-classes;F:\Vijay&apos;s training\Testing Training\Automation testing\E-com_Porject\target\classes;C:\Users\krish\.m2\repository\org\seleniumhq\selenium\selenium-java\4.30.0\selenium-java-4.30.0.jar;C:\Users\krish\.m2\repository\org\seleniumhq\selenium\selenium-api\4.30.0\selenium-api-4.30.0.jar;C:\Users\krish\.m2\repository\org\jspecify\jspecify\1.0.0\jspecify-1.0.0.jar;C:\Users\krish\.m2\repository\org\seleniumhq\selenium\selenium-chrome-driver\4.30.0\selenium-chrome-driver-4.30.0.jar;C:\Users\krish\.m2\repository\com\google\auto\service\auto-service-annotations\1.1.1\auto-service-annotations-1.1.1.jar;C:\Users\krish\.m2\repository\org\seleniumhq\selenium\selenium-chromium-driver\4.30.0\selenium-chromium-driver-4.30.0.jar;C:\Users\krish\.m2\repository\org\seleniumhq\selenium\selenium-json\4.30.0\selenium-json-4.30.0.jar;C:\Users\krish\.m2\repository\org\seleniumhq\selenium\selenium-manager\4.30.0\selenium-manager-4.30.0.jar;C:\Users\krish\.m2\repository\org\seleniumhq\selenium\selenium-devtools-v132\4.30.0\selenium-devtools-v132-4.30.0.jar;C:\Users\krish\.m2\repository\org\seleniumhq\selenium\selenium-devtools-v133\4.30.0\selenium-devtools-v133-4.30.0.jar;C:\Users\krish\.m2\repository\org\seleniumhq\selenium\selenium-devtools-v134\4.30.0\selenium-devtools-v134-4.30.0.jar;C:\Users\krish\.m2\repository\org\seleniumhq\selenium\selenium-edge-driver\4.30.0\selenium-edge-driver-4.30.0.jar;C:\Users\krish\.m2\repository\org\seleniumhq\selenium\selenium-firefox-driver\4.30.0\selenium-firefox-driver-4.30.0.jar;C:\Users\krish\.m2\repository\org\seleniumhq\selenium\selenium-http\4.30.0\selenium-http-4.30.0.jar;C:\Users\krish\.m2\repository\org\seleniumhq\selenium\selenium-ie-driver\4.30.0\selenium-ie-driver-4.30.0.jar;C:\Users\krish\.m2\repository\org\seleniumhq\selenium\selenium-remote-driver\4.30.0\selenium-remote-driver-4.30.0.jar;C:\Users\krish\.m2\repository\com\google\guava\guava\33.4.5-jre\guava-33.4.5-jre.jar;C:\Users\krish\.m2\repository\com\google\guava\failureaccess\1.0.3\failureaccess-1.0.3.jar;C:\Users\krish\.m2\repository\com\google\guava\listenablefuture\9999.0-empty-to-avoid-conflict-with-guava\listenablefuture-9999.0-empty-to-avoid-conflict-with-guava.jar;C:\Users\krish\.m2\repository\com\google\j2objc\j2objc-annotations\3.0.0\j2objc-annotations-3.0.0.jar;C:\Users\krish\.m2\repository\io\opentelemetry\opentelemetry-api\1.48.0\opentelemetry-api-1.48.0.jar;C:\Users\krish\.m2\repository\io\opentelemetry\opentelemetry-context\1.48.0\opentelemetry-context-1.48.0.jar;C:\Users\krish\.m2\repository\io\opentelemetry\opentelemetry-exporter-logging\1.48.0\opentelemetry-exporter-logging-1.48.0.jar;C:\Users\krish\.m2\repository\io\opentelemetry\opentelemetry-sdk-common\1.48.0\opentelemetry-sdk-common-1.48.0.jar;C:\Users\krish\.m2\repository\io\opentelemetry\opentelemetry-sdk-extension-autoconfigure-spi\1.48.0\opentelemetry-sdk-extension-autoconfigure-spi-1.48.0.jar;C:\Users\krish\.m2\repository\io\opentelemetry\opentelemetry-sdk-extension-autoconfigure\1.48.0\opentelemetry-sdk-extension-autoconfigure-1.48.0.jar;C:\Users\krish\.m2\repository\io\opentelemetry\opentelemetry-sdk-trace\1.48.0\opentelemetry-sdk-trace-1.48.0.jar;C:\Users\krish\.m2\repository\io\opentelemetry\opentelemetry-sdk\1.48.0\opentelemetry-sdk-1.48.0.jar;C:\Users\krish\.m2\repository\io\opentelemetry\opentelemetry-sdk-metrics\1.48.0\opentelemetry-sdk-metrics-1.48.0.jar;C:\Users\krish\.m2\repository\io\opentelemetry\opentelemetry-sdk-logs\1.48.0\opentelemetry-sdk-logs-1.48.0.jar;C:\Users\krish\.m2\repository\net\bytebuddy\byte-buddy\1.17.2\byte-buddy-1.17.2.jar;C:\Users\krish\.m2\repository\org\seleniumhq\selenium\selenium-os\4.30.0\selenium-os-4.30.0.jar;C:\Users\krish\.m2\repository\org\apache\commons\commons-exec\1.4.0\commons-exec-1.4.0.jar;C:\Users\krish\.m2\repository\org\seleniumhq\selenium\selenium-safari-driver\4.30.0\selenium-safari-driver-4.30.0.jar;C:\Users\krish\.m2\repository\org\seleniumhq\selenium\selenium-support\4.30.0\selenium-support-4.30.0.jar;C:\Users\krish\.m2\repository\io\github\bonigarcia\webdrivermanager\6.0.0\webdrivermanager-6.0.0.jar;C:\Users\krish\.m2\repository\com\google\code\gson\gson\2.12.1\gson-2.12.1.jar;C:\Users\krish\.m2\repository\com\google\errorprone\error_prone_annotations\2.36.0\error_prone_annotations-2.36.0.jar;C:\Users\krish\.m2\repository\com\github\docker-java\docker-java\3.4.2\docker-java-3.4.2.jar;C:\Users\krish\.m2\repository\com\github\docker-java\docker-java-core\3.4.2\docker-java-core-3.4.2.jar;C:\Users\krish\.m2\repository\com\github\docker-java\docker-java-api\3.4.2\docker-java-api-3.4.2.jar;C:\Users\krish\.m2\repository\com\fasterxml\jackson\core\jackson-annotations\2.10.3\jackson-annotations-2.10.3.jar;C:\Users\krish\.m2\repository\com\fasterxml\jackson\core\jackson-databind\2.10.3\jackson-databind-2.10.3.jar;C:\Users\krish\.m2\repository\com\fasterxml\jackson\core\jackson-core\2.10.3\jackson-core-2.10.3.jar;C:\Users\krish\.m2\repository\org\slf4j\jcl-over-slf4j\1.7.30\jcl-over-slf4j-1.7.30.jar;C:\Users\krish\.m2\repository\com\github\docker-java\docker-java-transport-httpclient5\3.4.2\docker-java-transport-httpclient5-3.4.2.jar;C:\Users\krish\.m2\repository\com\github\docker-java\docker-java-transport\3.4.2\docker-java-transport-3.4.2.jar;C:\Users\krish\.m2\repository\net\java\dev\jna\jna\5.13.0\jna-5.13.0.jar;C:\Users\krish\.m2\repository\org\brotli\dec\0.1.2\dec-0.1.2.jar;C:\Users\krish\.m2\repository\org\apache\commons\commons-lang3\3.17.0\commons-lang3-3.17.0.jar;C:\Users\krish\.m2\repository\org\apache\commons\commons-compress\1.27.1\commons-compress-1.27.1.jar;C:\Users\krish\.m2\repository\commons-codec\commons-codec\1.17.1\commons-codec-1.17.1.jar;C:\Users\krish\.m2\repository\commons-io\commons-io\2.16.1\commons-io-2.16.1.jar;C:\Users\krish\.m2\repository\org\apache\httpcomponents\client5\httpclient5\5.2.1\httpclient5-5.2.1.jar;C:\Users\krish\.m2\repository\org\apache\httpcomponents\core5\httpcore5\5.2\httpcore5-5.2.jar;C:\Users\krish\.m2\repository\org\apache\httpcomponents\core5\httpcore5-h2\5.2\httpcore5-h2-5.2.jar;C:\Users\krish\.m2\repository\io\cucumber\cucumber-java\7.18.1\cucumber-java-7.18.1.jar;C:\Users\krish\.m2\repository\org\apiguardian\apiguardian-api\1.1.2\apiguardian-api-1.1.2.jar;C:\Users\krish\.m2\repository\ch\qos\logback\logback-classic\1.2.6\logback-classic-1.2.6.jar;C:\Users\krish\.m2\repository\ch\qos\logback\logback-core\1.2.6\logback-core-1.2.6.jar;C:\Users\krish\.m2\repository\io\cucumber\cucumber-testng\7.21.1\cucumber-testng-7.21.1.jar;C:\Users\krish\.m2\repository\org\slf4j\slf4j-api\1.7.21\slf4j-api-1.7.21.jar;C:\Users\krish\.m2\repository\io\cucumber\cucumber-core\7.20.1\cucumber-core-7.20.1.jar;C:\Users\krish\.m2\repository\io\cucumber\cucumber-gherkin\7.20.1\cucumber-gherkin-7.20.1.jar;C:\Users\krish\.m2\repository\io\cucumber\cucumber-gherkin-messages\7.20.1\cucumber-gherkin-messages-7.20.1.jar;C:\Users\krish\.m2\repository\io\cucumber\gherkin\28.0.0\gherkin-28.0.0.jar;C:\Users\krish\.m2\repository\io\cucumber\messages\24.1.0\messages-24.1.0.jar;C:\Users\krish\.m2\repository\io\cucumber\testng-xml-formatter\0.2.0\testng-xml-formatter-0.2.0.jar;C:\Users\krish\.m2\repository\io\cucumber\query\12.2.0\query-12.2.0.jar;C:\Users\krish\.m2\repository\io\cucumber\tag-expressions\6.1.0\tag-expressions-6.1.0.jar;C:\Users\krish\.m2\repository\io\cucumber\cucumber-expressions\17.1.0\cucumber-expressions-17.1.0.jar;C:\Users\krish\.m2\repository\io\cucumber\datatable\7.20.1\datatable-7.20.1.jar;C:\Users\krish\.m2\repository\io\cucumber\cucumber-plugin\7.20.1\cucumber-plugin-7.20.1.jar;C:\Users\krish\.m2\repository\io\cucumber\docstring\7.20.1\docstring-7.20.1.jar;C:\Users\krish\.m2\repository\io\cucumber\html-formatter\21.7.0\html-formatter-21.7.0.jar;C:\Users\krish\.m2\repository\io\cucumber\junit-xml-formatter\0.5.0\junit-xml-formatter-0.5.0.jar;C:\Users\krish\.m2\repository\io\cucumber\ci-environment\10.0.1\ci-environment-10.0.1.jar;C:\Users\krish\.m2\repository\org\apache\logging\log4j\log4j-core\3.0.0-beta3\log4j-core-3.0.0-beta3.jar;C:\Users\krish\.m2\repository\org\apache\logging\log4j\log4j-api\2.24.1\log4j-api-2.24.1.jar;C:\Users\krish\.m2\repository\org\apache\logging\log4j\log4j-kit\3.0.0-beta3\log4j-kit-3.0.0-beta3.jar;C:\Users\krish\.m2\repository\org\apache\logging\log4j\log4j-plugins\3.0.0-beta3\log4j-plugins-3.0.0-beta3.jar;C:\Users\krish\.m2\repository\org\testng\testng\7.11.0\testng-7.11.0.jar;C:\Users\krish\.m2\repository\org\jcommander\jcommander\1.83\jcommander-1.83.jar;C:\Users\krish\.m2\repository\org\webjars\jquery\3.7.1\jquery-3.7.1.jar;C:\Users\krish\.m2\repository\org\apache\maven\plugins\maven-surefire-plugin\3.5.2\maven-surefire-plugin-3.5.2.jar;C:\Users\krish\.m2\repository\org\apache\maven\surefire\surefire-api\3.5.2\surefire-api-3.5.2.jar;C:\Users\krish\.m2\repository\org\apache\maven\surefire\surefire-logger-api\3.5.2\surefire-logger-api-3.5.2.jar;C:\Users\krish\.m2\repository\org\apache\maven\surefire\surefire-shared-utils\3.5.2\surefire-shared-utils-3.5.2.jar;C:\Users\krish\.m2\repository\org\apache\maven\surefire\surefire-extensions-api\3.5.2\surefire-extensions-api-3.5.2.jar;C:\Users\krish\.m2\repository\org\apache\maven\surefire\maven-surefire-common\3.5.2\maven-surefire-common-3.5.2.jar;C:\Users\krish\.m2\repository\org\apache\maven\surefire\surefire-booter\3.5.2\surefire-booter-3.5.2.jar;C:\Users\krish\.m2\repository\org\apache\maven\surefire\surefire-extensions-spi\3.5.2\surefire-extensions-spi-3.5.2.jar;C:\Users\krish\.m2\repository\org\apache\maven\resolver\maven-resolver-util\1.4.1\maven-resolver-util-1.4.1.jar;C:\Users\krish\.m2\repository\org\apache\maven\resolver\maven-resolver-api\1.4.1\maven-resolver-api-1.4.1.jar;C:\Users\krish\.m2\repository\org\apache\maven\shared\maven-common-artifact-filters\3.4.0\maven-common-artifact-filters-3.4.0.jar;C:\Users\krish\.m2\repository\org\codehaus\plexus\plexus-java\1.3.0\plexus-java-1.3.0.jar;C:\Users\krish\.m2\repository\org\ow2\asm\asm\9.7\asm-9.7.jar;C:\Users\krish\.m2\repository\com\thoughtworks\qdox\qdox\2.1.0\qdox-2.1.0.jar;"/>
    <property name="java.vm.vendor" value="OpenLogic"/>
    <property name="sun.arch.data.model" value="64"/>
    <property name="user.variant" value=""/>
    <property name="java.vendor.url" value="https://openlogic.com/"/>
    <property name="user.timezone" value="Asia/Calcutta"/>
    <property name="os.name" value="Windows 10"/>
    <property name="java.vm.specification.version" value="17"/>
    <property name="sun.java.launcher" value="SUN_STANDARD"/>
    <property name="user.country" value="US"/>
    <property name="sun.boot.library.path" value="C:\Program Files\OpenLogic\jdk-17.0.12.7-hotspot\bin"/>
    <property name="sun.java.command" value="C:\Users\krish\AppData\Local\Temp\surefire4347054888362256340\surefirebooter-20250328180417432_3.jar C:\Users\krish\AppData\Local\Temp\surefire4347054888362256340 2025-03-28T18-04-17_114-jvmRun1 surefire-20250328180417432_1tmp surefire_0-20250328180417432_2tmp"/>
    <property name="jdk.debug" value="release"/>
    <property name="surefire.test.class.path" value="F:\Vijay&apos;s training\Testing Training\Automation testing\E-com_Porject\target\test-classes;F:\Vijay&apos;s training\Testing Training\Automation testing\E-com_Porject\target\classes;C:\Users\krish\.m2\repository\org\seleniumhq\selenium\selenium-java\4.30.0\selenium-java-4.30.0.jar;C:\Users\krish\.m2\repository\org\seleniumhq\selenium\selenium-api\4.30.0\selenium-api-4.30.0.jar;C:\Users\krish\.m2\repository\org\jspecify\jspecify\1.0.0\jspecify-1.0.0.jar;C:\Users\krish\.m2\repository\org\seleniumhq\selenium\selenium-chrome-driver\4.30.0\selenium-chrome-driver-4.30.0.jar;C:\Users\krish\.m2\repository\com\google\auto\service\auto-service-annotations\1.1.1\auto-service-annotations-1.1.1.jar;C:\Users\krish\.m2\repository\org\seleniumhq\selenium\selenium-chromium-driver\4.30.0\selenium-chromium-driver-4.30.0.jar;C:\Users\krish\.m2\repository\org\seleniumhq\selenium\selenium-json\4.30.0\selenium-json-4.30.0.jar;C:\Users\krish\.m2\repository\org\seleniumhq\selenium\selenium-manager\4.30.0\selenium-manager-4.30.0.jar;C:\Users\krish\.m2\repository\org\seleniumhq\selenium\selenium-devtools-v132\4.30.0\selenium-devtools-v132-4.30.0.jar;C:\Users\krish\.m2\repository\org\seleniumhq\selenium\selenium-devtools-v133\4.30.0\selenium-devtools-v133-4.30.0.jar;C:\Users\krish\.m2\repository\org\seleniumhq\selenium\selenium-devtools-v134\4.30.0\selenium-devtools-v134-4.30.0.jar;C:\Users\krish\.m2\repository\org\seleniumhq\selenium\selenium-edge-driver\4.30.0\selenium-edge-driver-4.30.0.jar;C:\Users\krish\.m2\repository\org\seleniumhq\selenium\selenium-firefox-driver\4.30.0\selenium-firefox-driver-4.30.0.jar;C:\Users\krish\.m2\repository\org\seleniumhq\selenium\selenium-http\4.30.0\selenium-http-4.30.0.jar;C:\Users\krish\.m2\repository\org\seleniumhq\selenium\selenium-ie-driver\4.30.0\selenium-ie-driver-4.30.0.jar;C:\Users\krish\.m2\repository\org\seleniumhq\selenium\selenium-remote-driver\4.30.0\selenium-remote-driver-4.30.0.jar;C:\Users\krish\.m2\repository\com\google\guava\guava\33.4.5-jre\guava-33.4.5-jre.jar;C:\Users\krish\.m2\repository\com\google\guava\failureaccess\1.0.3\failureaccess-1.0.3.jar;C:\Users\krish\.m2\repository\com\google\guava\listenablefuture\9999.0-empty-to-avoid-conflict-with-guava\listenablefuture-9999.0-empty-to-avoid-conflict-with-guava.jar;C:\Users\krish\.m2\repository\com\google\j2objc\j2objc-annotations\3.0.0\j2objc-annotations-3.0.0.jar;C:\Users\krish\.m2\repository\io\opentelemetry\opentelemetry-api\1.48.0\opentelemetry-api-1.48.0.jar;C:\Users\krish\.m2\repository\io\opentelemetry\opentelemetry-context\1.48.0\opentelemetry-context-1.48.0.jar;C:\Users\krish\.m2\repository\io\opentelemetry\opentelemetry-exporter-logging\1.48.0\opentelemetry-exporter-logging-1.48.0.jar;C:\Users\krish\.m2\repository\io\opentelemetry\opentelemetry-sdk-common\1.48.0\opentelemetry-sdk-common-1.48.0.jar;C:\Users\krish\.m2\repository\io\opentelemetry\opentelemetry-sdk-extension-autoconfigure-spi\1.48.0\opentelemetry-sdk-extension-autoconfigure-spi-1.48.0.jar;C:\Users\krish\.m2\repository\io\opentelemetry\opentelemetry-sdk-extension-autoconfigure\1.48.0\opentelemetry-sdk-extension-autoconfigure-1.48.0.jar;C:\Users\krish\.m2\repository\io\opentelemetry\opentelemetry-sdk-trace\1.48.0\opentelemetry-sdk-trace-1.48.0.jar;C:\Users\krish\.m2\repository\io\opentelemetry\opentelemetry-sdk\1.48.0\opentelemetry-sdk-1.48.0.jar;C:\Users\krish\.m2\repository\io\opentelemetry\opentelemetry-sdk-metrics\1.48.0\opentelemetry-sdk-metrics-1.48.0.jar;C:\Users\krish\.m2\repository\io\opentelemetry\opentelemetry-sdk-logs\1.48.0\opentelemetry-sdk-logs-1.48.0.jar;C:\Users\krish\.m2\repository\net\bytebuddy\byte-buddy\1.17.2\byte-buddy-1.17.2.jar;C:\Users\krish\.m2\repository\org\seleniumhq\selenium\selenium-os\4.30.0\selenium-os-4.30.0.jar;C:\Users\krish\.m2\repository\org\apache\commons\commons-exec\1.4.0\commons-exec-1.4.0.jar;C:\Users\krish\.m2\repository\org\seleniumhq\selenium\selenium-safari-driver\4.30.0\selenium-safari-driver-4.30.0.jar;C:\Users\krish\.m2\repository\org\seleniumhq\selenium\selenium-support\4.30.0\selenium-support-4.30.0.jar;C:\Users\krish\.m2\repository\io\github\bonigarcia\webdrivermanager\6.0.0\webdrivermanager-6.0.0.jar;C:\Users\krish\.m2\repository\com\google\code\gson\gson\2.12.1\gson-2.12.1.jar;C:\Users\krish\.m2\repository\com\google\errorprone\error_prone_annotations\2.36.0\error_prone_annotations-2.36.0.jar;C:\Users\krish\.m2\repository\com\github\docker-java\docker-java\3.4.2\docker-java-3.4.2.jar;C:\Users\krish\.m2\repository\com\github\docker-java\docker-java-core\3.4.2\docker-java-core-3.4.2.jar;C:\Users\krish\.m2\repository\com\github\docker-java\docker-java-api\3.4.2\docker-java-api-3.4.2.jar;C:\Users\krish\.m2\repository\com\fasterxml\jackson\core\jackson-annotations\2.10.3\jackson-annotations-2.10.3.jar;C:\Users\krish\.m2\repository\com\fasterxml\jackson\core\jackson-databind\2.10.3\jackson-databind-2.10.3.jar;C:\Users\krish\.m2\repository\com\fasterxml\jackson\core\jackson-core\2.10.3\jackson-core-2.10.3.jar;C:\Users\krish\.m2\repository\org\slf4j\jcl-over-slf4j\1.7.30\jcl-over-slf4j-1.7.30.jar;C:\Users\krish\.m2\repository\com\github\docker-java\docker-java-transport-httpclient5\3.4.2\docker-java-transport-httpclient5-3.4.2.jar;C:\Users\krish\.m2\repository\com\github\docker-java\docker-java-transport\3.4.2\docker-java-transport-3.4.2.jar;C:\Users\krish\.m2\repository\net\java\dev\jna\jna\5.13.0\jna-5.13.0.jar;C:\Users\krish\.m2\repository\org\brotli\dec\0.1.2\dec-0.1.2.jar;C:\Users\krish\.m2\repository\org\apache\commons\commons-lang3\3.17.0\commons-lang3-3.17.0.jar;C:\Users\krish\.m2\repository\org\apache\commons\commons-compress\1.27.1\commons-compress-1.27.1.jar;C:\Users\krish\.m2\repository\commons-codec\commons-codec\1.17.1\commons-codec-1.17.1.jar;C:\Users\krish\.m2\repository\commons-io\commons-io\2.16.1\commons-io-2.16.1.jar;C:\Users\krish\.m2\repository\org\apache\httpcomponents\client5\httpclient5\5.2.1\httpclient5-5.2.1.jar;C:\Users\krish\.m2\repository\org\apache\httpcomponents\core5\httpcore5\5.2\httpcore5-5.2.jar;C:\Users\krish\.m2\repository\org\apache\httpcomponents\core5\httpcore5-h2\5.2\httpcore5-h2-5.2.jar;C:\Users\krish\.m2\repository\io\cucumber\cucumber-java\7.18.1\cucumber-java-7.18.1.jar;C:\Users\krish\.m2\repository\org\apiguardian\apiguardian-api\1.1.2\apiguardian-api-1.1.2.jar;C:\Users\krish\.m2\repository\ch\qos\logback\logback-classic\1.2.6\logback-classic-1.2.6.jar;C:\Users\krish\.m2\repository\ch\qos\logback\logback-core\1.2.6\logback-core-1.2.6.jar;C:\Users\krish\.m2\repository\io\cucumber\cucumber-testng\7.21.1\cucumber-testng-7.21.1.jar;C:\Users\krish\.m2\repository\org\slf4j\slf4j-api\1.7.21\slf4j-api-1.7.21.jar;C:\Users\krish\.m2\repository\io\cucumber\cucumber-core\7.20.1\cucumber-core-7.20.1.jar;C:\Users\krish\.m2\repository\io\cucumber\cucumber-gherkin\7.20.1\cucumber-gherkin-7.20.1.jar;C:\Users\krish\.m2\repository\io\cucumber\cucumber-gherkin-messages\7.20.1\cucumber-gherkin-messages-7.20.1.jar;C:\Users\krish\.m2\repository\io\cucumber\gherkin\28.0.0\gherkin-28.0.0.jar;C:\Users\krish\.m2\repository\io\cucumber\messages\24.1.0\messages-24.1.0.jar;C:\Users\krish\.m2\repository\io\cucumber\testng-xml-formatter\0.2.0\testng-xml-formatter-0.2.0.jar;C:\Users\krish\.m2\repository\io\cucumber\query\12.2.0\query-12.2.0.jar;C:\Users\krish\.m2\repository\io\cucumber\tag-expressions\6.1.0\tag-expressions-6.1.0.jar;C:\Users\krish\.m2\repository\io\cucumber\cucumber-expressions\17.1.0\cucumber-expressions-17.1.0.jar;C:\Users\krish\.m2\repository\io\cucumber\datatable\7.20.1\datatable-7.20.1.jar;C:\Users\krish\.m2\repository\io\cucumber\cucumber-plugin\7.20.1\cucumber-plugin-7.20.1.jar;C:\Users\krish\.m2\repository\io\cucumber\docstring\7.20.1\docstring-7.20.1.jar;C:\Users\krish\.m2\repository\io\cucumber\html-formatter\21.7.0\html-formatter-21.7.0.jar;C:\Users\krish\.m2\repository\io\cucumber\junit-xml-formatter\0.5.0\junit-xml-formatter-0.5.0.jar;C:\Users\krish\.m2\repository\io\cucumber\ci-environment\10.0.1\ci-environment-10.0.1.jar;C:\Users\krish\.m2\repository\org\apache\logging\log4j\log4j-core\3.0.0-beta3\log4j-core-3.0.0-beta3.jar;C:\Users\krish\.m2\repository\org\apache\logging\log4j\log4j-api\2.24.1\log4j-api-2.24.1.jar;C:\Users\krish\.m2\repository\org\apache\logging\log4j\log4j-kit\3.0.0-beta3\log4j-kit-3.0.0-beta3.jar;C:\Users\krish\.m2\repository\org\apache\logging\log4j\log4j-plugins\3.0.0-beta3\log4j-plugins-3.0.0-beta3.jar;C:\Users\krish\.m2\repository\org\testng\testng\7.11.0\testng-7.11.0.jar;C:\Users\krish\.m2\repository\org\jcommander\jcommander\1.83\jcommander-1.83.jar;C:\Users\krish\.m2\repository\org\webjars\jquery\3.7.1\jquery-3.7.1.jar;C:\Users\krish\.m2\repository\org\apache\maven\plugins\maven-surefire-plugin\3.5.2\maven-surefire-plugin-3.5.2.jar;C:\Users\krish\.m2\repository\org\apache\maven\surefire\surefire-api\3.5.2\surefire-api-3.5.2.jar;C:\Users\krish\.m2\repository\org\apache\maven\surefire\surefire-logger-api\3.5.2\surefire-logger-api-3.5.2.jar;C:\Users\krish\.m2\repository\org\apache\maven\surefire\surefire-shared-utils\3.5.2\surefire-shared-utils-3.5.2.jar;C:\Users\krish\.m2\repository\org\apache\maven\surefire\surefire-extensions-api\3.5.2\surefire-extensions-api-3.5.2.jar;C:\Users\krish\.m2\repository\org\apache\maven\surefire\maven-surefire-common\3.5.2\maven-surefire-common-3.5.2.jar;C:\Users\krish\.m2\repository\org\apache\maven\surefire\surefire-booter\3.5.2\surefire-booter-3.5.2.jar;C:\Users\krish\.m2\repository\org\apache\maven\surefire\surefire-extensions-spi\3.5.2\surefire-extensions-spi-3.5.2.jar;C:\Users\krish\.m2\repository\org\apache\maven\resolver\maven-resolver-util\1.4.1\maven-resolver-util-1.4.1.jar;C:\Users\krish\.m2\repository\org\apache\maven\resolver\maven-resolver-api\1.4.1\maven-resolver-api-1.4.1.jar;C:\Users\krish\.m2\repository\org\apache\maven\shared\maven-common-artifact-filters\3.4.0\maven-common-artifact-filters-3.4.0.jar;C:\Users\krish\.m2\repository\org\codehaus\plexus\plexus-java\1.3.0\plexus-java-1.3.0.jar;C:\Users\krish\.m2\repository\org\ow2\asm\asm\9.7\asm-9.7.jar;C:\Users\krish\.m2\repository\com\thoughtworks\qdox\qdox\2.1.0\qdox-2.1.0.jar;"/>
    <property name="sun.cpu.endian" value="little"/>
    <property name="user.home" value="C:\Users\krish"/>
    <property name="user.language" value="en"/>
    <property name="java.specification.vendor" value="Oracle Corporation"/>
    <property name="java.version.date" value="2024-07-16"/>
    <property name="java.home" value="C:\Program Files\OpenLogic\jdk-17.0.12.7-hotspot"/>
    <property name="file.separator" value="\"/>
    <property name="basedir" value="F:\Vijay&apos;s training\Testing Training\Automation testing\E-com_Porject"/>
    <property name="java.vm.compressedOopsMode" value="32-bit"/>
    <property name="line.separator" value="&#10;"/>
    <property name="java.vm.specification.vendor" value="Oracle Corporation"/>
    <property name="java.specification.name" value="Java Platform API Specification"/>
    <property name="surefire.real.class.path" value="C:\Users\krish\AppData\Local\Temp\surefire4347054888362256340\surefirebooter-20250328180417432_3.jar"/>
    <property name="user.script" value=""/>
    <property name="sun.management.compiler" value="HotSpot 64-Bit Tiered Compilers"/>
    <property name="java.runtime.version" value="17.0.12+7-adhoc..jdk17u"/>
    <property name="user.name" value="krish"/>
    <property name="path.separator" value=";"/>
    <property name="os.version" value="10.0"/>
    <property name="java.runtime.name" value="OpenJDK Runtime Environment"/>
    <property name="file.encoding" value="Cp1252"/>
    <property name="java.vm.name" value="OpenJDK 64-Bit Server VM"/>
    <property name="java.vendor.version" value="OpenLogic-OpenJDK"/>
    <property name="localRepository" value="C:\Users\krish\.m2\repository"/>
    <property name="java.vendor.url.bug" value="https://techsupport.roguewave.com/"/>
    <property name="java.io.tmpdir" value="C:\Users\krish\AppData\Local\Temp\"/>
    <property name="java.version" value="17.0.12"/>
    <property name="user.dir" value="F:\Vijay&apos;s training\Testing Training\Automation testing\E-com_Porject"/>
    <property name="os.arch" value="amd64"/>
    <property name="java.vm.specification.name" value="Java Virtual Machine Specification"/>
    <property name="sun.os.patch.level" value=""/>
    <property name="native.encoding" value="Cp1252"/>
    <property name="java.library.path" value="C:\Program Files\OpenLogic\jdk-17.0.12.7-hotspot\bin;C:\Windows\Sun\Java\bin;C:\Windows\system32;C:\Windows;C:\Program Files\OpenLogic\jdk-17.0.12.7-hotspot\bin;C:\Python39\Scripts\;C:\Python39\;C:\Windows\system32;C:\Windows;C:\Windows\System32\Wbem;C:\Windows\System32\WindowsPowerShell\v1.0\;C:\Windows\System32\OpenSSH\;C:\ProgramData\chocolatey\bin;C:\Program Files (x86)\apache-maven-3.8.2-bin\apache-maven-3.8.2\bin;c:\Program Files (x86)\Intel\Intel(R) Management Engine Components\DAL;c:\Program Files\Intel\Intel(R) Management Engine Components\DAL;C:\Program Files\Azure Data Studio\bin;C:\Program Files (x86)\Microsoft SQL Server\160\Tools\Binn\;C:\Program Files\Microsoft SQL Server\160\Tools\Binn\;C:\Program Files\Microsoft SQL Server\Client SDK\ODBC\170\Tools\Binn\;C:\Program Files\Microsoft SQL Server\160\DTS\Binn\;C:\Program Files\Microsoft SQL Server\130\DTS\Binn\;C:\Program Files\Microsoft SQL Server\140\DTS\Binn\;C:\Program Files\Microsoft SQL Server\150\DTS\Binn\;C:\Users\krish\Downloads\eclipse-jee-oxygen-R-win32-x86_64\eclipse;C:\Program Files\nodejs\node_modules;C:\Program Files\nodejs\;C:\Program Files\Git\cmd;C:\Users\krish\AppData\Local\Microsoft\WindowsApps;C:\Users\krish\AppData\Roaming\npm;."/>
    <property name="java.vm.info" value="mixed mode, sharing"/>
    <property name="java.vendor" value="OpenLogic"/>
    <property name="java.vm.version" value="17.0.12+7-adhoc..jdk17u"/>
    <property name="sun.io.unicode.encoding" value="UnicodeLittle"/>
    <property name="java.class.version" value="61.0"/>
  </properties>
  <testcase name="runScenario[&quot;Login with valid credentials&quot;, &quot;Login Functionality&quot;](1)" classname="runner.TestRunner" time="7.568">
    <system-out><![CDATA[18:04:18.451 [main] DEBUG org.testng.TestNG - suiteXmlPath: "F:\Vijay's training\Testing Training\Automation testing\E-com_Porject\testng.xml"

@login @all @login @validcredentials @smoke @dev
Scenario Outline: Login with valid credentials           &amp#27;[90m# src/test/resources/features/login.feature:16&amp#27;[0m
>> User navigated to the login page <<
  &amp#27;[32mGiven &amp#27;[0m&amp#27;[32mUser navigates to the login page&amp#27;[0m                 &amp#27;[90m# stepdefinitions.LogiDef.User_navigates_to_the_login_page()&amp#27;[0m
>> User enterd the valid email address <<
  &amp#27;[32mWhen &amp#27;[0m&amp#27;[32mUser enters the valid email address &amp#27;[0m&amp#27;[32m&amp#27;[1mak@sample.com&amp#27;[0m &amp#27;[90m# stepdefinitions.LogiDef.User_enters_the_valid_email_address(java.lang.String)&amp#27;[0m
>> User enterd the valid password <<
  &amp#27;[32mAnd &amp#27;[0m&amp#27;[32mValid password &amp#27;[0m&amp#27;[32m&amp#27;[1m<psassword>&amp#27;[0m                         &amp#27;[90m# stepdefinitions.LogiDef.User_enters_the_Valid_password(java.lang.String)&amp#27;[0m
>> User clicked on the login button <<
  &amp#27;[32mAnd &amp#27;[0m&amp#27;[32mClicks on login button&amp#27;[0m                             &amp#27;[90m# stepdefinitions.LogiDef.clicks_on_login_button()&amp#27;[0m
>> User got logged in successfully<<
  &amp#27;[32mThen &amp#27;[0m&amp#27;[32mUser should get logged in successfully&amp#27;[0m            &amp#27;[90m# stepdefinitions.LogiDef.User_should_get_logged_in_successfully()&amp#27;[0m
]]></system-out>
  </testcase>
  <testcase name="runScenario[&quot;Login with valid credentials&quot;, &quot;Login Functionality&quot;](2)" classname="runner.TestRunner" time="6.735">
    <system-out><![CDATA[
@login @all @login @validcredentials @smoke @dev
Scenario Outline: Login with valid credentials           &amp#27;[90m# src/test/resources/features/login.feature:17&amp#27;[0m
>> User navigated to the login page <<
  &amp#27;[32mGiven &amp#27;[0m&amp#27;[32mUser navigates to the login page&amp#27;[0m                 &amp#27;[90m# stepdefinitions.LogiDef.User_navigates_to_the_login_page()&amp#27;[0m
>> User enterd the valid email address <<
  &amp#27;[32mWhen &amp#27;[0m&amp#27;[32mUser enters the valid email address &amp#27;[0m&amp#27;[32m&amp#27;[1mbk@sample.com&amp#27;[0m &amp#27;[90m# stepdefinitions.LogiDef.User_enters_the_valid_email_address(java.lang.String)&amp#27;[0m
>> User enterd the valid password <<
  &amp#27;[32mAnd &amp#27;[0m&amp#27;[32mValid password &amp#27;[0m&amp#27;[32m&amp#27;[1m<psassword>&amp#27;[0m                         &amp#27;[90m# stepdefinitions.LogiDef.User_enters_the_Valid_password(java.lang.String)&amp#27;[0m
>> User clicked on the login button <<
  &amp#27;[32mAnd &amp#27;[0m&amp#27;[32mClicks on login button&amp#27;[0m                             &amp#27;[90m# stepdefinitions.LogiDef.clicks_on_login_button()&amp#27;[0m
>> User got logged in successfully<<
  &amp#27;[32mThen &amp#27;[0m&amp#27;[32mUser should get logged in successfully&amp#27;[0m            &amp#27;[90m# stepdefinitions.LogiDef.User_should_get_logged_in_successfully()&amp#27;[0m
]]></system-out>
  </testcase>
  <testcase name="runScenario[&quot;Login with valid credentials&quot;, &quot;Login Functionality&quot;](3)" classname="runner.TestRunner" time="10.02">
    <system-out><![CDATA[
@login @all @login @validcredentials @smoke @dev
Scenario Outline: Login with valid credentials           &amp#27;[90m# src/test/resources/features/login.feature:18&amp#27;[0m
>> User navigated to the login page <<
  &amp#27;[32mGiven &amp#27;[0m&amp#27;[32mUser navigates to the login page&amp#27;[0m                 &amp#27;[90m# stepdefinitions.LogiDef.User_navigates_to_the_login_page()&amp#27;[0m
>> User enterd the valid email address <<
  &amp#27;[32mWhen &amp#27;[0m&amp#27;[32mUser enters the valid email address &amp#27;[0m&amp#27;[32m&amp#27;[1mck@sample.com&amp#27;[0m &amp#27;[90m# stepdefinitions.LogiDef.User_enters_the_valid_email_address(java.lang.String)&amp#27;[0m
>> User enterd the valid password <<
  &amp#27;[32mAnd &amp#27;[0m&amp#27;[32mValid password &amp#27;[0m&amp#27;[32m&amp#27;[1m<psassword>&amp#27;[0m                         &amp#27;[90m# stepdefinitions.LogiDef.User_enters_the_Valid_password(java.lang.String)&amp#27;[0m
>> User clicked on the login button <<
  &amp#27;[32mAnd &amp#27;[0m&amp#27;[32mClicks on login button&amp#27;[0m                             &amp#27;[90m# stepdefinitions.LogiDef.clicks_on_login_button()&amp#27;[0m
>> User got logged in successfully<<
  &amp#27;[32mThen &amp#27;[0m&amp#27;[32mUser should get logged in successfully&amp#27;[0m            &amp#27;[90m# stepdefinitions.LogiDef.User_should_get_logged_in_successfully()&amp#27;[0m
]]></system-out>
  </testcase>
  <testcase name="runScenario[&quot;Login with invalid credentials&quot;, &quot;Login Functionality&quot;](4)" classname="runner.TestRunner" time="7.127">
    <system-out><![CDATA[
@login @all @login @invalidcredentials @smoke
Scenario: Login with invalid credentials                             &amp#27;[90m# src/test/resources/features/login.feature:21&amp#27;[0m
>> User navigated to the login page <<
  &amp#27;[32mGiven &amp#27;[0m&amp#27;[32mUser navigates to the login page&amp#27;[0m                             &amp#27;[90m# stepdefinitions.LogiDef.User_navigates_to_the_login_page()&amp#27;[0m
>> User entered the invalid email address: 
  &amp#27;[32mWhen &amp#27;[0m&amp#27;[32mUser enters the invalid email address &amp#27;[0m&amp#27;[32m&amp#27;[1m"amatooricap@gmail.com"&amp#27;[0m &amp#27;[90m# stepdefinitions.LogiDef.user_enters_the_invalid_email_address(java.lang.String)&amp#27;[0m
>> User entered the invalid password: 
  &amp#27;[32mAnd &amp#27;[0m&amp#27;[32mInvalid Password &amp#27;[0m&amp#27;[32m&amp#27;[1m"1234"&amp#27;[0m                                        &amp#27;[90m# stepdefinitions.LogiDef.invalid_password(java.lang.String)&amp#27;[0m
>> User clicked on the login button <<
  &amp#27;[32mAnd &amp#27;[0m&amp#27;[32mClicks on login button&amp#27;[0m                                         &amp#27;[90m# stepdefinitions.LogiDef.clicks_on_login_button()&amp#27;[0m
>> User failed to log in <<
  &amp#27;[32mThen &amp#27;[0m&amp#27;[32mUser should not get logged in&amp#27;[0m                                 &amp#27;[90m# stepdefinitions.LogiDef.user_should_not_get_logged_in()&amp#27;[0m
>> User sees a warning message <<
  &amp#27;[32mAnd &amp#27;[0m&amp#27;[32mUser should get warning message&amp#27;[0m                                &amp#27;[90m# stepdefinitions.LogiDef.user_should_get_warning_message()&amp#27;[0m
]]></system-out>
  </testcase>
  <testcase name="runScenario[&quot;Login with invalid email address and valid password&quot;, &quot;Login Functionality&quot;](5)" classname="runner.TestRunner" time="6.236">
    <system-out><![CDATA[
@login @all @login @invalidemailaddress @smoke @regression @wip
Scenario: Login with invalid email address and valid password        &amp#27;[90m# src/test/resources/features/login.feature:29&amp#27;[0m
>> User navigated to the login page <<
  &amp#27;[32mGiven &amp#27;[0m&amp#27;[32mUser navigates to the login page&amp#27;[0m                             &amp#27;[90m# stepdefinitions.LogiDef.User_navigates_to_the_login_page()&amp#27;[0m
>> User entered the invalid email address: 
  &amp#27;[32mWhen &amp#27;[0m&amp#27;[32mUser enters the invalid email address &amp#27;[0m&amp#27;[32m&amp#27;[1m"amatooricap@gmail.com"&amp#27;[0m &amp#27;[90m# stepdefinitions.LogiDef.user_enters_the_invalid_email_address(java.lang.String)&amp#27;[0m
>> User enterd the valid password1 <<
  &amp#27;[32mAnd &amp#27;[0m&amp#27;[32mValid password1 &amp#27;[0m&amp#27;[32m&amp#27;[1m"Ak@1234#"&amp#27;[0m                                     &amp#27;[90m# stepdefinitions.LogiDef.User_enters_the_Valid_password1(java.lang.String)&amp#27;[0m
>> User clicked on the login button <<
  &amp#27;[32mAnd &amp#27;[0m&amp#27;[32mClicks on login button&amp#27;[0m                                         &amp#27;[90m# stepdefinitions.LogiDef.clicks_on_login_button()&amp#27;[0m
>> User failed to log in <<
  &amp#27;[32mThen &amp#27;[0m&amp#27;[32mUser should not get logged in&amp#27;[0m                                 &amp#27;[90m# stepdefinitions.LogiDef.user_should_not_get_logged_in()&amp#27;[0m
>> User sees a warning message <<
  &amp#27;[32mAnd &amp#27;[0m&amp#27;[32mUser should get warning message&amp#27;[0m                                &amp#27;[90m# stepdefinitions.LogiDef.user_should_get_warning_message()&amp#27;[0m
]]></system-out>
  </testcase>
  <testcase name="runScenario[&quot;Login with valid email address and invalid password&quot;, &quot;Login Functionality&quot;](6)" classname="runner.TestRunner" time="8.195">
    <system-out><![CDATA[
@login @all @login @validemailaddressandinvalidpassword @smoke
Scenario: Login with valid email address and invalid password &amp#27;[90m# src/test/resources/features/login.feature:37&amp#27;[0m
>> User navigated to the login page <<
  &amp#27;[32mGiven &amp#27;[0m&amp#27;[32mUser navigates to the login page&amp#27;[0m                      &amp#27;[90m# stepdefinitions.LogiDef.User_navigates_to_the_login_page()&amp#27;[0m
>> User enterd the valid email1 address <<
  &amp#27;[32mWhen &amp#27;[0m&amp#27;[32mUser enters the valid email1 address &amp#27;[0m&amp#27;[32m&amp#27;[1m"ak@sample.com "&amp#27;[0m  &amp#27;[90m# stepdefinitions.LogiDef.User_enters_the_valid_email1_address(java.lang.String)&amp#27;[0m
>> User entered the invalid password: 
  &amp#27;[32mAnd &amp#27;[0m&amp#27;[32mInvalid Password &amp#27;[0m&amp#27;[32m&amp#27;[1m"12345"&amp#27;[0m                                &amp#27;[90m# stepdefinitions.LogiDef.invalid_password(java.lang.String)&amp#27;[0m
>> User clicked on the login button <<
  &amp#27;[32mAnd &amp#27;[0m&amp#27;[32mClicks on login button&amp#27;[0m                                  &amp#27;[90m# stepdefinitions.LogiDef.clicks_on_login_button()&amp#27;[0m
>> User failed to log in <<
  &amp#27;[32mThen &amp#27;[0m&amp#27;[32mUser should not get logged in&amp#27;[0m                          &amp#27;[90m# stepdefinitions.LogiDef.user_should_not_get_logged_in()&amp#27;[0m
>> User sees a warning message <<
  &amp#27;[32mAnd &amp#27;[0m&amp#27;[32mUser should get warning message&amp#27;[0m                         &amp#27;[90m# stepdefinitions.LogiDef.user_should_get_warning_message()&amp#27;[0m
]]></system-out>
  </testcase>
  <testcase name="runScenario[&quot;Login without providing any credentials&quot;, &quot;Login Functionality&quot;](7)" classname="runner.TestRunner" time="5.911">
    <system-out><![CDATA[
@login @all @login @withoutprovidinganycredentials @regression @ignore
Scenario: Login without providing any credentials &amp#27;[90m# src/test/resources/features/login.feature:45&amp#27;[0m
>> User navigated to the login page <<
  &amp#27;[32mGiven &amp#27;[0m&amp#27;[32mUser navigates to the login page&amp#27;[0m          &amp#27;[90m# stepdefinitions.LogiDef.User_navigates_to_the_login_page()&amp#27;[0m
>> User did not enter the email <<
  &amp#27;[32mWhen &amp#27;[0m&amp#27;[32mUser does not enter the email address&amp#27;[0m      &amp#27;[90m# stepdefinitions.LogiDef.user_does_not_enter_the_email_address()&amp#27;[0m
>> User did not enter the password <<
  &amp#27;[32mAnd &amp#27;[0m&amp#27;[32mUser does not enter the password&amp#27;[0m            &amp#27;[90m# stepdefinitions.LogiDef.user_does_not_enter_the_password()&amp#27;[0m
>> User clicked on the login button <<
  &amp#27;[32mAnd &amp#27;[0m&amp#27;[32mClicks on login button&amp#27;[0m                      &amp#27;[90m# stepdefinitions.LogiDef.clicks_on_login_button()&amp#27;[0m
>> User failed to log in <<
  &amp#27;[32mThen &amp#27;[0m&amp#27;[32mUser should not get logged in&amp#27;[0m              &amp#27;[90m# stepdefinitions.LogiDef.user_should_not_get_logged_in()&amp#27;[0m
>> User sees a warning message <<
  &amp#27;[32mAnd &amp#27;[0m&amp#27;[32mUser should get warning message&amp#27;[0m             &amp#27;[90m# stepdefinitions.LogiDef.user_should_get_warning_message()&amp#27;[0m
]]></system-out>
  </testcase>
</testsuite>