<?xml version="1.0" encoding="UTF-8"?>
<!-- Generated by org.testng.reporters.JUnitReportReporter -->
<testsuite hostname="DESKTOP-1THUPB1" failures="0" tests="7" name="runner.TestRunner" time="58.857" errors="0" timestamp="2025-03-28T16:37:01 IST" skipped="0">
  <testcase classname="runner.TestRunner" name="runScenario" time="6.983"/>
  <testcase classname="runner.TestRunner" name="runScenario" time="15.142"/>
  <testcase classname="runner.TestRunner" name="runScenario" time="6.758"/>
  <testcase classname="runner.TestRunner" name="runScenario" time="7.708"/>
  <testcase classname="runner.TestRunner" name="runScenario" time="7.692"/>
  <testcase classname="runner.TestRunner" name="runScenario" time="7.318"/>
  <testcase classname="runner.TestRunner" name="runScenario" time="7.256"/>
</testsuite> <!-- runner.TestRunner -->
