<?xml version="1.0" encoding="UTF-8"?>
<!-- Generated by org.testng.reporters.JUnitReportReporter -->
<testsuite hostname="DESKTOP-1THUPB1" failures="0" tests="7" name="runner.TestRunner" time="51.795" errors="0" timestamp="2025-03-28T18:05:13 IST" skipped="0">
  <testcase classname="runner.TestRunner" name="runScenario" time="7.126"/>
  <testcase classname="runner.TestRunner" name="runScenario" time="5.912"/>
  <testcase classname="runner.TestRunner" name="runScenario" time="7.569"/>
  <testcase classname="runner.TestRunner" name="runScenario" time="6.236"/>
  <testcase classname="runner.TestRunner" name="runScenario" time="6.737"/>
  <testcase classname="runner.TestRunner" name="runScenario" time="8.195"/>
  <testcase classname="runner.TestRunner" name="runScenario" time="10.020"/>
</testsuite> <!-- runner.TestRunner -->
